# JRE version: OpenJDK Runtime Environment (21.0.4) (build 21.0.4+-12508038-b607.1)
# Java VM: OpenJDK 64-Bit Server VM (21.0.4+-12508038-b607.1, mixed mode, tiered, compressed oops, compressed class ptrs, g1 gc, windows-amd64)
GC Precious Log:
 CardTable entry size: 512
 Card Set container configuration: InlinePtr #cards 5 size 8 Array Of Cards #cards 12 size 40 Howl #buckets 4 coarsen threshold 1843 Howl Bitmap #cards 512 size 80 coarsen threshold 460 Card regions per heap region 1 cards per card region 2048
 CPUs: 8 total, 8 available
 Memory: 16064M
 Large Page Support: Disabled
 NUMA Support: Disabled
 Compressed Oops: Enabled (32-bit)
 Heap Region Size: 1M
 Heap Min Capacity: 8M
 Heap Initial Capacity: 252M
 Heap Max Capacity: 2G
 Pre-touch: Disabled
 Parallel Workers: 8
 Concurrent Workers: 2
 Concurrent Refinement Workers: 8
 Periodic GC: Disabled
Heap:
 garbage-first heap   total 126976K, used 76726K [0x0000000080000000, 0x0000000100000000)
  region size 1024K, 4 young (4096K), 4 survivors (4096K)
 Metaspace       used 58811K, committed 60352K, reserved 1114112K
  class space    used 7872K, committed 8640K, reserved 1048576K
GC Heap History (20 events):
Event: 0.860 GC heap after
{Heap after GC invocations=2 (full 0):
 garbage-first heap   total 258048K, used 12045K [0x0000000080000000, 0x0000000100000000)
  region size 1024K, 4 young (4096K), 4 survivors (4096K)
 Metaspace       used 12124K, committed 12352K, reserved 1114112K
  class space    used 1273K, committed 1408K, reserved 1048576K
}
Event: 1.231 GC heap before
{Heap before GC invocations=2 (full 0):
 garbage-first heap   total 258048K, used 60173K [0x0000000080000000, 0x0000000100000000)
  region size 1024K, 50 young (51200K), 4 survivors (4096K)
 Metaspace       used 14830K, committed 15040K, reserved 1114112K
  class space    used 1607K, committed 1664K, reserved 1048576K
}
Event: 1.235 GC heap after
{Heap after GC invocations=3 (full 0):
 garbage-first heap   total 258048K, used 18432K [0x0000000080000000, 0x0000000100000000)
  region size 1024K, 7 young (7168K), 7 survivors (7168K)
 Metaspace       used 14830K, committed 15040K, reserved 1114112K
  class space    used 1607K, committed 1664K, reserved 1048576K
}
Event: 1.560 GC heap before
{Heap before GC invocations=3 (full 0):
 garbage-first heap   total 258048K, used 38912K [0x0000000080000000, 0x0000000100000000)
  region size 1024K, 28 young (28672K), 7 survivors (7168K)
 Metaspace       used 21161K, committed 21504K, reserved 1114112K
  class space    used 2423K, committed 2624K, reserved 1048576K
}
Event: 1.564 GC heap after
{Heap after GC invocations=4 (full 0):
 garbage-first heap   total 258048K, used 21313K [0x0000000080000000, 0x0000000100000000)
  region size 1024K, 10 young (10240K), 10 survivors (10240K)
 Metaspace       used 21161K, committed 21504K, reserved 1114112K
  class space    used 2423K, committed 2624K, reserved 1048576K
}
Event: 2.093 GC heap before
{Heap before GC invocations=5 (full 0):
 garbage-first heap   total 71680K, used 70465K [0x0000000080000000, 0x0000000100000000)
  region size 1024K, 59 young (60416K), 10 survivors (10240K)
 Metaspace       used 29499K, committed 30080K, reserved 1114112K
  class space    used 3753K, committed 4032K, reserved 1048576K
}
Event: 2.100 GC heap after
{Heap after GC invocations=6 (full 0):
 garbage-first heap   total 84992K, used 24225K [0x0000000080000000, 0x0000000100000000)
  region size 1024K, 13 young (13312K), 13 survivors (13312K)
 Metaspace       used 29499K, committed 30080K, reserved 1114112K
  class space    used 3753K, committed 4032K, reserved 1048576K
}
Event: 2.478 GC heap before
{Heap before GC invocations=6 (full 0):
 garbage-first heap   total 84992K, used 60065K [0x0000000080000000, 0x0000000100000000)
  region size 1024K, 49 young (50176K), 13 survivors (13312K)
 Metaspace       used 34436K, committed 35392K, reserved 1114112K
  class space    used 4604K, committed 5056K, reserved 1048576K
}
Event: 2.484 GC heap after
{Heap after GC invocations=7 (full 0):
 garbage-first heap   total 84992K, used 26472K [0x0000000080000000, 0x0000000100000000)
  region size 1024K, 6 young (6144K), 6 survivors (6144K)
 Metaspace       used 34436K, committed 35392K, reserved 1114112K
  class space    used 4604K, committed 5056K, reserved 1048576K
}
Event: 2.573 GC heap before
{Heap before GC invocations=7 (full 0):
 garbage-first heap   total 84992K, used 44904K [0x0000000080000000, 0x0000000100000000)
  region size 1024K, 15 young (15360K), 6 survivors (6144K)
 Metaspace       used 35109K, committed 35968K, reserved 1114112K
  class space    used 4711K, committed 5120K, reserved 1048576K
}
Event: 2.577 GC heap after
{Heap after GC invocations=8 (full 0):
 garbage-first heap   total 84992K, used 40935K [0x0000000080000000, 0x0000000100000000)
  region size 1024K, 6 young (6144K), 6 survivors (6144K)
 Metaspace       used 35109K, committed 35968K, reserved 1114112K
  class space    used 4711K, committed 5120K, reserved 1048576K
}
Event: 2.893 GC heap before
{Heap before GC invocations=9 (full 0):
 garbage-first heap   total 84992K, used 71655K [0x0000000080000000, 0x0000000100000000)
  region size 1024K, 36 young (36864K), 6 survivors (6144K)
 Metaspace       used 38704K, committed 39680K, reserved 1114112K
  class space    used 5287K, committed 5760K, reserved 1048576K
}
Event: 2.896 GC heap after
{Heap after GC invocations=10 (full 0):
 garbage-first heap   total 115712K, used 44321K [0x0000000080000000, 0x0000000100000000)
  region size 1024K, 3 young (3072K), 3 survivors (3072K)
 Metaspace       used 38704K, committed 39680K, reserved 1114112K
  class space    used 5287K, committed 5760K, reserved 1048576K
}
Event: 3.410 GC heap before
{Heap before GC invocations=10 (full 0):
 garbage-first heap   total 115712K, used 95521K [0x0000000080000000, 0x0000000100000000)
  region size 1024K, 54 young (55296K), 3 survivors (3072K)
 Metaspace       used 47921K, committed 49216K, reserved 1114112K
  class space    used 6543K, committed 7168K, reserved 1048576K
}
Event: 3.416 GC heap after
{Heap after GC invocations=11 (full 0):
 garbage-first heap   total 115712K, used 48145K [0x0000000080000000, 0x0000000100000000)
  region size 1024K, 7 young (7168K), 7 survivors (7168K)
 Metaspace       used 47921K, committed 49216K, reserved 1114112K
  class space    used 6543K, committed 7168K, reserved 1048576K
}
Event: 3.802 GC heap before
{Heap before GC invocations=11 (full 0):
 garbage-first heap   total 115712K, used 102417K [0x0000000080000000, 0x0000000100000000)
  region size 1024K, 56 young (57344K), 7 survivors (7168K)
 Metaspace       used 52577K, committed 54080K, reserved 1114112K
  class space    used 7043K, committed 7808K, reserved 1048576K
}
Event: 3.807 GC heap after
{Heap after GC invocations=12 (full 0):
 garbage-first heap   total 116736K, used 53233K [0x0000000080000000, 0x0000000100000000)
  region size 1024K, 5 young (5120K), 5 survivors (5120K)
 Metaspace       used 52577K, committed 54080K, reserved 1114112K
  class space    used 7043K, committed 7808K, reserved 1048576K
}
Event: 4.285 GC heap before
{Heap before GC invocations=12 (full 0):
 garbage-first heap   total 116736K, used 101361K [0x0000000080000000, 0x0000000100000000)
  region size 1024K, 52 young (53248K), 5 survivors (5120K)
 Metaspace       used 56490K, committed 58048K, reserved 1114112K
  class space    used 7655K, committed 8448K, reserved 1048576K
}
Event: 4.289 GC heap after
{Heap after GC invocations=13 (full 0):
 garbage-first heap   total 116736K, used 60819K [0x0000000080000000, 0x0000000100000000)
  region size 1024K, 6 young (6144K), 6 survivors (6144K)
 Metaspace       used 56490K, committed 58048K, reserved 1114112K
  class space    used 7655K, committed 8448K, reserved 1048576K
}
Event: 4.516 GC heap before
{Heap before GC invocations=14 (full 0):
 garbage-first heap   total 116736K, used 115091K [0x0000000080000000, 0x0000000100000000)
  region size 1024K, 46 young (47104K), 6 survivors (6144K)
 Metaspace       used 58811K, committed 60352K, reserved 1114112K
  class space    used 7872K, committed 8640K, reserved 1048576K
}

