# JRE version: OpenJDK Runtime Environment (21.0.4) (build 21.0.4+-12508038-b607.1)
# Java VM: OpenJDK 64-Bit Server VM (21.0.4+-12508038-b607.1, mixed mode, tiered, compressed oops, compressed class ptrs, g1 gc, windows-amd64)
GC Precious Log:
 CardTable entry size: 512
 Card Set container configuration: InlinePtr #cards 5 size 8 Array Of Cards #cards 12 size 40 Howl #buckets 4 coarsen threshold 1843 Howl Bitmap #cards 512 size 80 coarsen threshold 460 Card regions per heap region 1 cards per card region 2048
 CPUs: 8 total, 8 available
 Memory: 16064M
 Large Page Support: Disabled
 NUMA Support: Disabled
 Compressed Oops: Enabled (32-bit)
 Heap Region Size: 1M
 Heap Min Capacity: 8M
 Heap Initial Capacity: 252M
 Heap Max Capacity: 2G
 Pre-touch: Disabled
 Parallel Workers: 8
 Concurrent Workers: 2
 Concurrent Refinement Workers: 8
 Periodic GC: Disabled
Heap:
 garbage-first heap   total 249856K, used 177643K [0x0000000080000000, 0x0000000100000000)
  region size 1024K, 36 young (36864K), 6 survivors (6144K)
 Metaspace       used 110570K, committed 112768K, reserved 1179648K
  class space    used 14791K, committed 15872K, reserved 1048576K
GC Heap History (20 events):
Event: 6.287 GC heap before
{Heap before GC invocations=26 (full 0):
 garbage-first heap   total 148480K, used 119051K [0x0000000080000000, 0x0000000100000000)
  region size 1024K, 35 young (35840K), 4 survivors (4096K)
 Metaspace       used 73164K, committed 74944K, reserved 1114112K
  class space    used 9934K, committed 10816K, reserved 1048576K
}
Event: 6.289 GC heap after
{Heap after GC invocations=27 (full 0):
 garbage-first heap   total 148480K, used 88718K [0x0000000080000000, 0x0000000100000000)
  region size 1024K, 3 young (3072K), 3 survivors (3072K)
 Metaspace       used 73164K, committed 74944K, reserved 1114112K
  class space    used 9934K, committed 10816K, reserved 1048576K
}
Event: 6.389 GC heap before
{Heap before GC invocations=27 (full 0):
 garbage-first heap   total 148480K, used 134798K [0x0000000080000000, 0x0000000100000000)
  region size 1024K, 49 young (50176K), 3 survivors (3072K)
 Metaspace       used 73192K, committed 75008K, reserved 1114112K
  class space    used 9935K, committed 10816K, reserved 1048576K
}
Event: 6.392 GC heap after
{Heap after GC invocations=28 (full 0):
 garbage-first heap   total 181248K, used 88220K [0x0000000080000000, 0x0000000100000000)
  region size 1024K, 4 young (4096K), 4 survivors (4096K)
 Metaspace       used 73192K, committed 75008K, reserved 1114112K
  class space    used 9935K, committed 10816K, reserved 1048576K
}
Event: 6.807 GC heap before
{Heap before GC invocations=28 (full 0):
 garbage-first heap   total 181248K, used 161948K [0x0000000080000000, 0x0000000100000000)
  region size 1024K, 76 young (77824K), 4 survivors (4096K)
 Metaspace       used 80250K, committed 82112K, reserved 1179648K
  class space    used 11301K, committed 12224K, reserved 1048576K
}
Event: 6.813 GC heap after
{Heap after GC invocations=29 (full 0):
 garbage-first heap   total 181248K, used 90177K [0x0000000080000000, 0x0000000100000000)
  region size 1024K, 6 young (6144K), 6 survivors (6144K)
 Metaspace       used 80250K, committed 82112K, reserved 1179648K
  class space    used 11301K, committed 12224K, reserved 1048576K
}
Event: 7.139 GC heap before
{Heap before GC invocations=29 (full 0):
 garbage-first heap   total 181248K, used 136257K [0x0000000080000000, 0x0000000100000000)
  region size 1024K, 52 young (53248K), 6 survivors (6144K)
 Metaspace       used 88066K, committed 89984K, reserved 1179648K
  class space    used 12253K, committed 13184K, reserved 1048576K
}
Event: 7.144 GC heap after
{Heap after GC invocations=30 (full 0):
 garbage-first heap   total 181248K, used 92025K [0x0000000080000000, 0x0000000100000000)
  region size 1024K, 7 young (7168K), 7 survivors (7168K)
 Metaspace       used 88066K, committed 89984K, reserved 1179648K
  class space    used 12253K, committed 13184K, reserved 1048576K
}
Event: 7.420 GC heap before
{Heap before GC invocations=31 (full 0):
 garbage-first heap   total 181248K, used 178041K [0x0000000080000000, 0x0000000100000000)
  region size 1024K, 77 young (78848K), 7 survivors (7168K)
 Metaspace       used 88396K, committed 90304K, reserved 1179648K
  class space    used 12262K, committed 13184K, reserved 1048576K
}
Event: 7.436 GC heap after
{Heap after GC invocations=32 (full 0):
 garbage-first heap   total 206848K, used 115413K [0x0000000080000000, 0x0000000100000000)
  region size 1024K, 10 young (10240K), 10 survivors (10240K)
 Metaspace       used 88396K, committed 90304K, reserved 1179648K
  class space    used 12262K, committed 13184K, reserved 1048576K
}
Event: 7.795 GC heap before
{Heap before GC invocations=32 (full 0):
 garbage-first heap   total 206848K, used 188117K [0x0000000080000000, 0x0000000100000000)
  region size 1024K, 72 young (73728K), 10 survivors (10240K)
 Metaspace       used 92755K, committed 94592K, reserved 1179648K
  class space    used 12765K, committed 13696K, reserved 1048576K
}
Event: 7.814 GC heap after
{Heap after GC invocations=33 (full 0):
 garbage-first heap   total 210944K, used 129205K [0x0000000080000000, 0x0000000100000000)
  region size 1024K, 9 young (9216K), 9 survivors (9216K)
 Metaspace       used 92755K, committed 94592K, reserved 1179648K
  class space    used 12765K, committed 13696K, reserved 1048576K
}
Event: 7.817 GC heap before
{Heap before GC invocations=33 (full 0):
 garbage-first heap   total 210944K, used 129205K [0x0000000080000000, 0x0000000100000000)
  region size 1024K, 10 young (10240K), 9 survivors (9216K)
 Metaspace       used 92757K, committed 94592K, reserved 1179648K
  class space    used 12765K, committed 13696K, reserved 1048576K
}
Event: 7.822 GC heap after
{Heap after GC invocations=34 (full 0):
 garbage-first heap   total 210944K, used 130951K [0x0000000080000000, 0x0000000100000000)
  region size 1024K, 1 young (1024K), 1 survivors (1024K)
 Metaspace       used 92757K, committed 94592K, reserved 1179648K
  class space    used 12765K, committed 13696K, reserved 1048576K
}
Event: 8.227 GC heap before
{Heap before GC invocations=35 (full 0):
 garbage-first heap   total 230400K, used 197511K [0x0000000080000000, 0x0000000100000000)
  region size 1024K, 58 young (59392K), 1 survivors (1024K)
 Metaspace       used 97993K, committed 99904K, reserved 1179648K
  class space    used 13225K, committed 14144K, reserved 1048576K
}
Event: 8.232 GC heap after
{Heap after GC invocations=36 (full 0):
 garbage-first heap   total 230400K, used 143229K [0x0000000080000000, 0x0000000100000000)
  region size 1024K, 7 young (7168K), 7 survivors (7168K)
 Metaspace       used 97993K, committed 99904K, reserved 1179648K
  class space    used 13225K, committed 14144K, reserved 1048576K
}
Event: 8.700 GC heap before
{Heap before GC invocations=36 (full 0):
 garbage-first heap   total 230400K, used 205693K [0x0000000080000000, 0x0000000100000000)
  region size 1024K, 68 young (69632K), 7 survivors (7168K)
 Metaspace       used 105705K, committed 107968K, reserved 1179648K
  class space    used 14213K, committed 15360K, reserved 1048576K
}
Event: 8.704 GC heap after
{Heap after GC invocations=37 (full 0):
 garbage-first heap   total 230400K, used 144794K [0x0000000080000000, 0x0000000100000000)
  region size 1024K, 4 young (4096K), 4 survivors (4096K)
 Metaspace       used 105705K, committed 107968K, reserved 1179648K
  class space    used 14213K, committed 15360K, reserved 1048576K
}
Event: 8.995 GC heap before
{Heap before GC invocations=37 (full 0):
 garbage-first heap   total 230400K, used 181658K [0x0000000080000000, 0x0000000100000000)
  region size 1024K, 41 young (41984K), 4 survivors (4096K)
 Metaspace       used 110439K, committed 112640K, reserved 1179648K
  class space    used 14790K, committed 15872K, reserved 1048576K
}
Event: 9.001 GC heap after
{Heap after GC invocations=38 (full 0):
 garbage-first heap   total 230400K, used 146923K [0x0000000080000000, 0x0000000100000000)
  region size 1024K, 6 young (6144K), 6 survivors (6144K)
 Metaspace       used 110439K, committed 112640K, reserved 1179648K
  class space    used 14790K, committed 15872K, reserved 1048576K
}

