# JRE version: OpenJDK Runtime Environment (21.0.4) (build 21.0.4+-12508038-b607.1)
# Java VM: OpenJDK 64-Bit Server VM (21.0.4+-12508038-b607.1, mixed mode, tiered, compressed oops, compressed class ptrs, g1 gc, windows-amd64)
GC Precious Log:
 CardTable entry size: 512
 Card Set container configuration: InlinePtr #cards 5 size 8 Array Of Cards #cards 12 size 40 Howl #buckets 4 coarsen threshold 1843 Howl Bitmap #cards 512 size 80 coarsen threshold 460 Card regions per heap region 1 cards per card region 2048
 CPUs: 8 total, 8 available
 Memory: 16064M
 Large Page Support: Disabled
 NUMA Support: Disabled
 Compressed Oops: Enabled (32-bit)
 Heap Region Size: 1M
 Heap Min Capacity: 8M
 Heap Initial Capacity: 252M
 Heap Max Capacity: 2G
 Pre-touch: Disabled
 Parallel Workers: 8
 Concurrent Workers: 2
 Concurrent Refinement Workers: 8
 Periodic GC: Disabled
Heap:
 garbage-first heap   total 206848K, used 151841K [0x0000000080000000, 0x0000000100000000)
  region size 1024K, 24 young (24576K), 5 survivors (5120K)
 Metaspace       used 148769K, committed 151104K, reserved 1245184K
  class space    used 18980K, committed 20160K, reserved 1048576K
GC Heap History (20 events):
Event: 8.677 GC heap before
{Heap before GC invocations=29 (full 0):
 garbage-first heap   total 163840K, used 137600K [0x0000000080000000, 0x0000000100000000)
  region size 1024K, 45 young (46080K), 5 survivors (5120K)
 Metaspace       used 96430K, committed 98368K, reserved 1179648K
  class space    used 13203K, committed 14144K, reserved 1048576K
}
Event: 8.688 GC heap after
{Heap after GC invocations=30 (full 0):
 garbage-first heap   total 163840K, used 100084K [0x0000000080000000, 0x0000000100000000)
  region size 1024K, 6 young (6144K), 6 survivors (6144K)
 Metaspace       used 96430K, committed 98368K, reserved 1179648K
  class space    used 13203K, committed 14144K, reserved 1048576K
}
Event: 9.155 GC heap before
{Heap before GC invocations=30 (full 0):
 garbage-first heap   total 163840K, used 153332K [0x0000000080000000, 0x0000000100000000)
  region size 1024K, 51 young (52224K), 6 survivors (6144K)
 Metaspace       used 101936K, committed 103808K, reserved 1179648K
  class space    used 13828K, committed 14720K, reserved 1048576K
}
Event: 9.165 GC heap after
{Heap after GC invocations=31 (full 0):
 garbage-first heap   total 205824K, used 109467K [0x0000000080000000, 0x0000000100000000)
  region size 1024K, 4 young (4096K), 4 survivors (4096K)
 Metaspace       used 101936K, committed 103808K, reserved 1179648K
  class space    used 13828K, committed 14720K, reserved 1048576K
}
Event: 9.821 GC heap before
{Heap before GC invocations=31 (full 0):
 garbage-first heap   total 205824K, used 183195K [0x0000000080000000, 0x0000000100000000)
  region size 1024K, 76 young (77824K), 4 survivors (4096K)
 Metaspace       used 110981K, committed 113216K, reserved 1179648K
  class space    used 14833K, committed 15936K, reserved 1048576K
}
Event: 9.826 GC heap after
{Heap after GC invocations=32 (full 0):
 garbage-first heap   total 205824K, used 113437K [0x0000000080000000, 0x0000000100000000)
  region size 1024K, 7 young (7168K), 7 survivors (7168K)
 Metaspace       used 110981K, committed 113216K, reserved 1179648K
  class space    used 14833K, committed 15936K, reserved 1048576K
}
Event: 10.390 GC heap before
{Heap before GC invocations=32 (full 0):
 garbage-first heap   total 205824K, used 171805K [0x0000000080000000, 0x0000000100000000)
  region size 1024K, 65 young (66560K), 7 survivors (7168K)
 Metaspace       used 118338K, committed 120576K, reserved 1179648K
  class space    used 15728K, committed 16832K, reserved 1048576K
}
Event: 10.398 GC heap after
{Heap after GC invocations=33 (full 0):
 garbage-first heap   total 205824K, used 117729K [0x0000000080000000, 0x0000000100000000)
  region size 1024K, 9 young (9216K), 9 survivors (9216K)
 Metaspace       used 118338K, committed 120576K, reserved 1179648K
  class space    used 15728K, committed 16832K, reserved 1048576K
}
Event: 10.863 GC heap before
{Heap before GC invocations=34 (full 0):
 garbage-first heap   total 205824K, used 185313K [0x0000000080000000, 0x0000000100000000)
  region size 1024K, 74 young (75776K), 9 survivors (9216K)
 Metaspace       used 121566K, committed 123840K, reserved 1179648K
  class space    used 16057K, committed 17152K, reserved 1048576K
}
Event: 10.869 GC heap after
{Heap after GC invocations=35 (full 0):
 garbage-first heap   total 205824K, used 121158K [0x0000000080000000, 0x0000000100000000)
  region size 1024K, 8 young (8192K), 8 survivors (8192K)
 Metaspace       used 121566K, committed 123840K, reserved 1179648K
  class space    used 16057K, committed 17152K, reserved 1048576K
}
Event: 11.492 GC heap before
{Heap before GC invocations=35 (full 0):
 garbage-first heap   total 205824K, used 185670K [0x0000000080000000, 0x0000000100000000)
  region size 1024K, 71 young (72704K), 8 survivors (8192K)
 Metaspace       used 129470K, committed 131776K, reserved 1179648K
  class space    used 16936K, committed 18048K, reserved 1048576K
}
Event: 11.501 GC heap after
{Heap after GC invocations=36 (full 0):
 garbage-first heap   total 205824K, used 123141K [0x0000000080000000, 0x0000000100000000)
  region size 1024K, 8 young (8192K), 8 survivors (8192K)
 Metaspace       used 129470K, committed 131776K, reserved 1179648K
  class space    used 16936K, committed 18048K, reserved 1048576K
}
Event: 12.106 GC heap before
{Heap before GC invocations=36 (full 0):
 garbage-first heap   total 205824K, used 185605K [0x0000000080000000, 0x0000000100000000)
  region size 1024K, 69 young (70656K), 8 survivors (8192K)
 Metaspace       used 139743K, committed 142016K, reserved 1179648K
  class space    used 17898K, committed 19008K, reserved 1048576K
}
Event: 12.111 GC heap after
{Heap after GC invocations=37 (full 0):
 garbage-first heap   total 205824K, used 123904K [0x0000000080000000, 0x0000000100000000)
  region size 1024K, 5 young (5120K), 5 survivors (5120K)
 Metaspace       used 139743K, committed 142016K, reserved 1179648K
  class space    used 17898K, committed 19008K, reserved 1048576K
}
Event: 13.349 GC heap before
{Heap before GC invocations=38 (full 0):
 garbage-first heap   total 206848K, used 188416K [0x0000000080000000, 0x0000000100000000)
  region size 1024K, 69 young (70656K), 5 survivors (5120K)
 Metaspace       used 148387K, committed 150720K, reserved 1179648K
  class space    used 18979K, committed 20160K, reserved 1048576K
}
Event: 13.357 GC heap after
{Heap after GC invocations=39 (full 0):
 garbage-first heap   total 206848K, used 131974K [0x0000000080000000, 0x0000000100000000)
  region size 1024K, 9 young (9216K), 9 survivors (9216K)
 Metaspace       used 148387K, committed 150720K, reserved 1179648K
  class space    used 18979K, committed 20160K, reserved 1048576K
}
Event: 13.565 GC heap before
{Heap before GC invocations=39 (full 0):
 garbage-first heap   total 206848K, used 185222K [0x0000000080000000, 0x0000000100000000)
  region size 1024K, 62 young (63488K), 9 survivors (9216K)
 Metaspace       used 148705K, committed 151040K, reserved 1179648K
  class space    used 18979K, committed 20160K, reserved 1048576K
}
Event: 13.571 GC heap after
{Heap after GC invocations=40 (full 0):
 garbage-first heap   total 206848K, used 133850K [0x0000000080000000, 0x0000000100000000)
  region size 1024K, 5 young (5120K), 5 survivors (5120K)
 Metaspace       used 148705K, committed 151040K, reserved 1179648K
  class space    used 18979K, committed 20160K, reserved 1048576K
}
Event: 13.716 GC heap before
{Heap before GC invocations=40 (full 0):
 garbage-first heap   total 206848K, used 188122K [0x0000000080000000, 0x0000000100000000)
  region size 1024K, 59 young (60416K), 5 survivors (5120K)
 Metaspace       used 148764K, committed 151104K, reserved 1245184K
  class space    used 18980K, committed 20160K, reserved 1048576K
}
Event: 13.719 GC heap after
{Heap after GC invocations=41 (full 0):
 garbage-first heap   total 206848K, used 134433K [0x0000000080000000, 0x0000000100000000)
  region size 1024K, 5 young (5120K), 5 survivors (5120K)
 Metaspace       used 148764K, committed 151104K, reserved 1245184K
  class space    used 18980K, committed 20160K, reserved 1048576K
}

